TN:
SF:app.ts
FN:9,initApp
FNF:1
FNH:1
FNDA:1,initApp
DA:1,1
DA:2,1
DA:3,1
DA:4,1
DA:5,1
DA:7,1
DA:10,1
DA:11,1
DA:12,1
DA:13,1
DA:14,1
DA:16,0
DA:19,1
DA:20,1
DA:21,1
DA:22,1
DA:24,1
DA:27,1
LF:18
LH:17
BRF:0
BRH:0
end_of_record
TN:
SF:src\controllers\coordinatorController.ts
FN:4,(anonymous_7)
FN:4,(anonymous_8)
FNF:2
FNH:0
FNDA:0,(anonymous_7)
FNDA:0,(anonymous_8)
DA:2,1
DA:4,1
DA:5,0
DA:7,0
DA:16,0
DA:17,0
DA:26,0
DA:28,0
DA:29,0
DA:33,1
LF:10
LH:3
BRF:0
BRH:0
end_of_record
TN:
SF:src\controllers\principalController.ts
FN:4,(anonymous_7)
FN:4,(anonymous_8)
FNF:2
FNH:2
FNDA:1,(anonymous_7)
FNDA:1,(anonymous_8)
DA:2,1
DA:4,1
DA:5,1
DA:6,1
DA:7,1
DA:8,1
DA:16,1
DA:18,0
DA:22,1
LF:9
LH:8
BRF:0
BRH:0
end_of_record
TN:
SF:src\models\coordinatorModel.ts
FN:5,createCoordinator
FN:21,(anonymous_9)
FNF:2
FNH:0
FNDA:0,createCoordinator
FNDA:0,(anonymous_9)
DA:1,1
DA:3,1
DA:5,1
DA:14,0
DA:21,0
DA:27,0
LF:6
LH:3
BRF:0
BRH:0
end_of_record
TN:
SF:src\models\principalModel.ts
FN:5,createPrincipal
FN:19,(anonymous_9)
FNF:2
FNH:1
FNDA:1,createPrincipal
FNDA:0,(anonymous_9)
DA:1,1
DA:3,1
DA:5,1
DA:13,1
DA:19,0
DA:25,1
LF:6
LH:5
BRF:0
BRH:0
end_of_record
TN:
SF:src\routes\coordinatorRoutes.ts
FNF:0
FNH:0
DA:1,1
DA:2,1
DA:3,1
DA:5,1
DA:7,1
LF:5
LH:5
BRF:0
BRH:0
end_of_record
TN:
SF:src\routes\principalRoutes.ts
FNF:0
FNH:0
DA:1,1
DA:2,1
DA:3,1
DA:5,1
DA:7,1
LF:5
LH:5
BRF:0
BRH:0
end_of_record
